[2025-08-05T18:50:29.042+0000] {local_task_job_runner.py:120} INFO - ::group::Pre task execution logs
[2025-08-05T18:50:29.071+0000] {taskinstance.py:2076} INFO - Dependencies all met for dep_context=non-requeueable deps ti=<TaskInstance: model_rollback.rollback_model manual__2025-08-05T18:45:15.648464+00:00 [queued]>
[2025-08-05T18:50:29.081+0000] {taskinstance.py:2076} INFO - Dependencies all met for dep_context=requeueable deps ti=<TaskInstance: model_rollback.rollback_model manual__2025-08-05T18:45:15.648464+00:00 [queued]>
[2025-08-05T18:50:29.082+0000] {taskinstance.py:2306} INFO - Starting attempt 2 of 2
[2025-08-05T18:50:29.101+0000] {taskinstance.py:2330} INFO - Executing <Task(PythonOperator): rollback_model> on 2025-08-05 18:45:15.648464+00:00
[2025-08-05T18:50:29.112+0000] {warnings.py:110} WARNING - /home/***/.local/lib/python3.12/site-packages/***/task/task_runner/standard_task_runner.py:61: DeprecationWarning: This process (pid=257) is multi-threaded, use of fork() may lead to deadlocks in the child.
  pid = os.fork()

[2025-08-05T18:50:29.115+0000] {standard_task_runner.py:63} INFO - Started process 260 to run task
[2025-08-05T18:50:29.116+0000] {standard_task_runner.py:90} INFO - Running: ['***', 'tasks', 'run', 'model_rollback', 'rollback_model', 'manual__2025-08-05T18:45:15.648464+00:00', '--job-id', '6', '--raw', '--subdir', 'DAGS_FOLDER/model_rollback_dag.py', '--cfg-path', '/tmp/tmp9_l_ovhf']
[2025-08-05T18:50:29.117+0000] {standard_task_runner.py:91} INFO - Job 6: Subtask rollback_model
[2025-08-05T18:50:29.180+0000] {task_command.py:426} INFO - Running <TaskInstance: model_rollback.rollback_model manual__2025-08-05T18:45:15.648464+00:00 [running]> on host cb274dbeb17b
[2025-08-05T18:50:29.289+0000] {taskinstance.py:2648} INFO - Exporting env vars: AIRFLOW_CTX_DAG_OWNER='***' AIRFLOW_CTX_DAG_ID='model_rollback' AIRFLOW_CTX_TASK_ID='rollback_model' AIRFLOW_CTX_EXECUTION_DATE='2025-08-05T18:45:15.648464+00:00' AIRFLOW_CTX_TRY_NUMBER='2' AIRFLOW_CTX_DAG_RUN_ID='manual__2025-08-05T18:45:15.648464+00:00'
[2025-08-05T18:50:29.292+0000] {taskinstance.py:430} INFO - ::endgroup::
[2025-08-05T18:50:29.325+0000] {warnings.py:110} WARNING - /opt/***/dags/model_rollback_dag.py:18: FutureWarning: ``mlflow.tracking.client.MlflowClient.get_latest_versions`` is deprecated since 2.9.0. Model registry stages will be removed in a future major release. To learn more about the deprecation of model registry stages, see our migration guide here: https://mlflow.org/docs/latest/model-registry.html#migrating-from-stages
  versions = client.get_latest_versions("FraudDetectionModel")

[2025-08-05T18:50:29.371+0000] {logging_mixin.py:188} INFO - Rollback failed: Registered Model with name=FraudDetectionModel not found
[2025-08-05T18:50:29.372+0000] {taskinstance.py:441} INFO - ::group::Post task execution logs
[2025-08-05T18:50:29.373+0000] {taskinstance.py:2905} ERROR - Task failed with exception
Traceback (most recent call last):
  File "/home/airflow/.local/lib/python3.12/site-packages/airflow/models/taskinstance.py", line 465, in _execute_task
    result = _execute_callable(context=context, **execute_callable_kwargs)
             ^^^^^^^^^^^^^^^^^^^^^^^^^^^^^^^^^^^^^^^^^^^^^^^^^^^^^^^^^^^^^
  File "/home/airflow/.local/lib/python3.12/site-packages/airflow/models/taskinstance.py", line 432, in _execute_callable
    return execute_callable(context=context, **execute_callable_kwargs)
           ^^^^^^^^^^^^^^^^^^^^^^^^^^^^^^^^^^^^^^^^^^^^^^^^^^^^^^^^^^^^
  File "/home/airflow/.local/lib/python3.12/site-packages/airflow/models/baseoperator.py", line 400, in wrapper
    return func(self, *args, **kwargs)
           ^^^^^^^^^^^^^^^^^^^^^^^^^^^
  File "/home/airflow/.local/lib/python3.12/site-packages/airflow/operators/python.py", line 235, in execute
    return_value = self.execute_callable()
                   ^^^^^^^^^^^^^^^^^^^^^^^
  File "/home/airflow/.local/lib/python3.12/site-packages/airflow/operators/python.py", line 252, in execute_callable
    return self.python_callable(*self.op_args, **self.op_kwargs)
           ^^^^^^^^^^^^^^^^^^^^^^^^^^^^^^^^^^^^^^^^^^^^^^^^^^^^^
  File "/opt/airflow/dags/model_rollback_dag.py", line 49, in rollback_model
    raise e
  File "/opt/airflow/dags/model_rollback_dag.py", line 18, in rollback_model
    versions = client.get_latest_versions("FraudDetectionModel")
               ^^^^^^^^^^^^^^^^^^^^^^^^^^^^^^^^^^^^^^^^^^^^^^^^^
  File "/home/airflow/.local/lib/python3.12/site-packages/mlflow/utils/annotations.py", line 188, in deprecated_func
    return obj(*args, **kwargs)
           ^^^^^^^^^^^^^^^^^^^^
  File "/home/airflow/.local/lib/python3.12/site-packages/mlflow/tracking/client.py", line 4026, in get_latest_versions
    self._raise_if_prompt(name)
  File "/home/airflow/.local/lib/python3.12/site-packages/mlflow/tracking/client.py", line 5334, in _raise_if_prompt
    rm = self.get_registered_model(name)
         ^^^^^^^^^^^^^^^^^^^^^^^^^^^^^^^
  File "/home/airflow/.local/lib/python3.12/site-packages/mlflow/tracking/client.py", line 3945, in get_registered_model
    rm = self._get_registry_client().get_registered_model(name)
         ^^^^^^^^^^^^^^^^^^^^^^^^^^^^^^^^^^^^^^^^^^^^^^^^^^^^^^
  File "/home/airflow/.local/lib/python3.12/site-packages/mlflow/tracking/_model_registry/client.py", line 171, in get_registered_model
    return self.store.get_registered_model(name)
           ^^^^^^^^^^^^^^^^^^^^^^^^^^^^^^^^^^^^^
  File "/home/airflow/.local/lib/python3.12/site-packages/mlflow/store/model_registry/file_store.py", line 423, in get_registered_model
    raise MlflowException(
mlflow.exceptions.MlflowException: Registered Model with name=FraudDetectionModel not found
[2025-08-05T18:50:29.392+0000] {taskinstance.py:1206} INFO - Marking task as FAILED. dag_id=model_rollback, task_id=rollback_model, run_id=manual__2025-08-05T18:45:15.648464+00:00, execution_date=20250805T184515, start_date=20250805T185029, end_date=20250805T185029
[2025-08-05T18:50:29.407+0000] {standard_task_runner.py:110} ERROR - Failed to execute job 6 for task rollback_model (Registered Model with name=FraudDetectionModel not found; 260)
[2025-08-05T18:50:29.419+0000] {local_task_job_runner.py:240} INFO - Task exited with return code 1
[2025-08-05T18:50:29.450+0000] {taskinstance.py:3498} INFO - 0 downstream tasks scheduled from follow-on schedule check
[2025-08-05T18:50:29.454+0000] {local_task_job_runner.py:222} INFO - ::endgroup::
